2017-04-26 12:42:49 INFO  CommonBase:20 - Getting Values of email and password
2017-04-26 12:42:54 INFO  CommonBase:26 - Parent Successfully Log In in to their account
2017-04-26 12:43:47 INFO  CommonBase:23 - Filling contact information
2017-04-26 12:43:58 INFO  CommonBase:44 - Successfully filled contact details
2017-04-26 12:52:24 INFO  CommonBase:20 - Getting Values of email and password
2017-04-26 12:52:35 INFO  CommonBase:26 - Parent Successfully Log In in to their account
2017-04-26 12:54:04 INFO  CommonBase:20 - Getting Values of email and password
2017-04-26 12:54:14 INFO  CommonBase:26 - Parent Successfully Log In in to their account
2017-04-26 12:54:35 INFO  CommonBase:30 - Filling Student Info
2017-04-26 12:54:49 INFO  CommonBase:54 - Successfully filled student info details
2017-04-26 12:54:50 INFO  CommonBase:66 - Filling Legal Parent/Guardian1
2017-04-26 12:54:52 INFO  CommonBase:74 - Successfully filled Legal Parent/Guardian 1 details
2017-04-26 12:54:52 INFO  CommonBase:75 - Filling Legal Parent/Guardian2
2017-04-26 12:54:54 INFO  CommonBase:83 - Successfully filled Legal Parent/Guardian 2 details
2017-04-26 12:54:54 INFO  CommonBase:93 - Filling Emergency Contacts
2017-04-26 12:54:57 INFO  CommonBase:102 - Successfully filled Emergency Contacts
2017-04-26 12:54:57 INFO  CommonBase:111 - Filling pickup persons details
2017-04-26 12:55:04 INFO  CommonBase:132 - Successfully filled  pickup persons details
2017-04-26 12:55:04 INFO  CommonBase:141 - Filling Medical Conditions details
2017-04-26 12:55:10 INFO  CommonBase:150 - Successfully filled  Medical Conditions details
2017-04-26 12:55:10 INFO  CommonBase:160 - Entering details of name,signature and date
2017-04-26 12:55:18 INFO  CommonBase:177 - Entered details of name,signature and date
2017-04-26 12:55:18 INFO  CommonBase:179 - Clicked Terms&Conditions
2017-04-26 12:55:21 INFO  CommonBase:182 - Student Form Submited Successfully
2017-04-26 12:57:09 INFO  CommonBase:23 - Filling contact information
2017-04-26 12:57:20 INFO  CommonBase:44 - Successfully filled contact details
2017-04-26 12:57:33 INFO  CommonBase:25 - Entering Current,New,Confirm Passwords
2017-04-26 13:18:06 INFO  CommonBase:20 - Getting Values of email and password
2017-04-26 13:18:17 INFO  CommonBase:26 - Parent Successfully Log In in to their account
2017-04-26 13:18:39 INFO  CommonBase:30 - Filling Student Info
2017-04-26 13:18:53 INFO  CommonBase:54 - Successfully filled student info details
2017-04-26 13:18:54 INFO  CommonBase:66 - Filling Legal Parent/Guardian1
2017-04-26 13:18:58 INFO  CommonBase:74 - Successfully filled Legal Parent/Guardian 1 details
2017-04-26 13:18:58 INFO  CommonBase:75 - Filling Legal Parent/Guardian2
2017-04-26 13:19:01 INFO  CommonBase:83 - Successfully filled Legal Parent/Guardian 2 details
2017-04-26 13:19:01 INFO  CommonBase:93 - Filling Emergency Contacts
2017-04-26 13:19:04 INFO  CommonBase:102 - Successfully filled Emergency Contacts
2017-04-26 13:19:04 INFO  CommonBase:111 - Filling pickup persons details
2017-04-26 13:19:13 INFO  CommonBase:132 - Successfully filled  pickup persons details
2017-04-26 13:19:13 INFO  CommonBase:141 - Filling Medical Conditions details
2017-04-26 13:19:19 INFO  CommonBase:150 - Successfully filled  Medical Conditions details
2017-04-26 13:19:19 INFO  CommonBase:160 - Entering details of name,signature and date
2017-04-26 13:19:28 INFO  CommonBase:177 - Entered details of name,signature and date
2017-04-26 13:19:28 INFO  CommonBase:179 - Clicked Terms&Conditions
2017-04-26 13:19:31 INFO  CommonBase:182 - Student Form Submited Successfully
2017-04-26 13:20:36 INFO  CommonBase:23 - Filling contact information
2017-04-26 13:20:47 INFO  CommonBase:44 - Successfully filled contact details
2017-04-26 13:21:00 INFO  CommonBase:25 - Entering Current,New,Confirm Passwords
2017-04-26 13:21:04 INFO  CommonBase:31 - Password changed successfully
2017-04-26 13:42:49 INFO  CommonBase:20 - Getting Values of email and password
2017-04-26 13:42:59 INFO  CommonBase:26 - Parent Successfully Log In in to their account
2017-04-26 13:43:54 INFO  CommonBase:23 - Filling contact information
2017-04-26 13:44:06 INFO  CommonBase:44 - Successfully filled contact details
2017-04-26 14:38:09 INFO  CommonBase:20 - Getting Values of email and password
2017-04-26 14:38:17 INFO  CommonBase:26 - Parent Successfully Log In in to their account
2017-04-26 14:39:47 INFO  CommonBase:20 - Getting Values of email and password
2017-04-26 14:40:07 INFO  CommonBase:26 - Parent Successfully Log In in to their account
2017-04-26 14:40:33 INFO  CommonBase:30 - Filling Student Info
2017-04-26 14:40:48 INFO  CommonBase:54 - Successfully filled student info details
2017-04-26 14:40:49 INFO  CommonBase:66 - Filling Legal Parent/Guardian1
2017-04-26 14:40:52 INFO  CommonBase:74 - Successfully filled Legal Parent/Guardian 1 details
2017-04-26 14:40:52 INFO  CommonBase:75 - Filling Legal Parent/Guardian2
2017-04-26 14:40:54 INFO  CommonBase:83 - Successfully filled Legal Parent/Guardian 2 details
2017-04-26 14:40:54 INFO  CommonBase:93 - Filling Emergency Contacts
2017-04-26 14:40:58 INFO  CommonBase:102 - Successfully filled Emergency Contacts
2017-04-26 14:40:58 INFO  CommonBase:111 - Filling pickup persons details
2017-04-26 14:41:06 INFO  CommonBase:132 - Successfully filled  pickup persons details
2017-04-26 14:41:06 INFO  CommonBase:141 - Filling Medical Conditions details
2017-04-26 14:41:13 INFO  CommonBase:150 - Successfully filled  Medical Conditions details
2017-04-26 14:41:13 INFO  CommonBase:160 - Entering details of name,signature and date
2017-04-26 14:41:21 INFO  CommonBase:177 - Entered details of name,signature and date
2017-04-26 14:41:21 INFO  CommonBase:179 - Clicked Terms&Conditions
2017-04-26 14:41:25 INFO  CommonBase:182 - Student Form Submited Successfully
2017-04-26 14:50:26 INFO  CommonBase:20 - Getting Values of email and password
2017-04-26 14:50:37 INFO  CommonBase:26 - Parent Successfully Log In in to their account
2017-04-26 14:50:51 INFO  CommonBase:24 - Updateing profile details
2017-04-26 14:50:58 INFO  CommonBase:27 - Profile details has been updated successfully
2017-04-26 14:51:09 INFO  CommonBase:20 - Log Out Successfully
2017-04-26 14:51:23 INFO  CommonBase:22 - Entering registerd email address
2017-04-26 14:51:23 INFO  CommonBase:24 - Forgot password link has been sent successfully to registered email address
2017-04-26 14:58:29 INFO  CommonBase:20 - Getting Values of email and password
2017-04-26 14:58:39 INFO  CommonBase:26 - Parent Successfully Log In in to their account
2017-04-26 15:07:54 INFO  CommonBase:20 - Getting Values of email and password
2017-04-26 15:08:04 INFO  CommonBase:26 - Parent Successfully Log In in to their account
2017-04-26 15:11:02 INFO  CommonBase:20 - Getting Values of email and password
2017-04-26 15:11:13 INFO  CommonBase:26 - Parent Successfully Log In in to their account
2017-04-26 15:18:52 INFO  CommonBase:20 - Getting Values of email and password
2017-04-26 15:19:04 INFO  CommonBase:26 - Parent Successfully Log In in to their account
2017-04-26 15:31:21 INFO  CommonBase:20 - Getting Values of email and password
2017-04-26 15:31:34 INFO  CommonBase:26 - Parent Successfully Log In in to their account
2017-04-26 15:31:56 INFO  CommonBase:30 - Filling Student Info
2017-04-26 15:32:08 INFO  CommonBase:53 - Successfully filled student info details
2017-04-26 15:32:09 INFO  CommonBase:65 - Filling Legal Parent/Guardian1
2017-04-26 15:32:12 INFO  CommonBase:73 - Successfully filled Legal Parent/Guardian 1 details
2017-04-26 15:32:12 INFO  CommonBase:74 - Filling Legal Parent/Guardian2
2017-04-26 15:32:14 INFO  CommonBase:82 - Successfully filled Legal Parent/Guardian 2 details
2017-04-26 15:32:14 INFO  CommonBase:92 - Filling Emergency Contacts
2017-04-26 15:32:18 INFO  CommonBase:101 - Successfully filled Emergency Contacts
2017-04-26 15:32:18 INFO  CommonBase:110 - Filling pickup persons details
2017-04-26 15:32:25 INFO  CommonBase:131 - Successfully filled  pickup persons details
2017-04-26 15:32:25 INFO  CommonBase:140 - Filling Medical Conditions details
2017-04-26 15:32:31 INFO  CommonBase:149 - Successfully filled  Medical Conditions details
2017-04-26 15:32:31 INFO  CommonBase:159 - Entering details of name,signature and date
2017-04-26 15:32:39 INFO  CommonBase:176 - Entered details of name,signature and date
2017-04-26 15:32:40 INFO  CommonBase:178 - Clicked Terms&Conditions
2017-04-26 15:32:43 INFO  CommonBase:181 - Student Form Submited Successfully
2017-04-26 15:33:56 INFO  CommonBase:23 - Filling contact information
2017-04-26 15:34:07 INFO  CommonBase:44 - Successfully filled contact details
2017-04-26 15:34:20 INFO  CommonBase:25 - Entering Current,New,Confirm Passwords
2017-04-26 15:34:24 INFO  CommonBase:31 - Password changed successfully
2017-04-26 15:34:40 INFO  CommonBase:24 - Updateing profile details
2017-04-26 15:34:47 INFO  CommonBase:27 - Profile details has been updated successfully
2017-04-26 15:35:09 INFO  CommonBase:20 - Log Out Successfully
2017-04-26 15:35:23 INFO  CommonBase:22 - Entering registerd email address
2017-04-26 15:35:25 INFO  CommonBase:24 - Forgot password link has been sent successfully to registered email address
